<?xml version="1.0" encoding="UTF-8"?>
<!-- Generated by org.testng.reporters.JUnitXMLReporter -->
<testsuite hostname="Lenovo-PC" ignored="0" name="Rest API regression Test" tests="9" failures="0" timestamp="11 Dec 2020 22:43:04 GMT" time="26.574" errors="0">
  <testcase name="createUserAPIPOSTTest" time="4.993" classname="com.qa.api.gorest.tests.CreateUserTest"/>
  <testcase name="createUserAPIPOSTTest" time="1.625" classname="com.qa.api.gorest.tests.CreateUserTest"/>
  <testcase name="createUserAPIPOSTTest" time="1.8" classname="com.qa.api.gorest.tests.CreateUserTest"/>
  <testcase name="createUserAPIPOSTTest" time="1.453" classname="com.qa.api.gorest.tests.CreateUserTest"/>
  <testcase name="getAccountBlockStatusTest" time="0.625" classname="com.qa.api.gorest.tests.GetImgurAPITest"/>
  <testcase name="getAccountImageTest" time="0.536" classname="com.qa.api.gorest.tests.GetImgurAPITest"/>
  <testcase name="uploadImagePostAPITest" time="9.185" classname="com.qa.api.gorest.tests.GetImgurAPITest"/>
  <testcase name="getAllUserListAPITest" time="1.55" classname="com.qa.api.gorest.tests.GetUserTest"/>
  <testcase name="getUserWithQueryParamsAPITest" time="1.46" classname="com.qa.api.gorest.tests.GetUserTest"/>
</testsuite> <!-- Rest API regression Test -->
